build/app/intermediates/manifest_merge_blame_file/release/manifest-merger-blame-release-report.txt
1<?xml version="1.0" encoding="utf-8"?>
2<manifest xmlns:android="http://schemas.android.com/apk/res/android"
3    package="com.ptv.mobile"
4    android:versionCode="1"
5    android:versionName="1.0.0" >
6
7    <uses-sdk
8        android:minSdkVersion="24"
8-->src\main\AndroidManifest.xml
9        android:targetSdkVersion="33" />
9-->src\main\AndroidManifest.xml
10    <!--
11         io.flutter.app.FlutterApplication is an android.app.Application that
12         calls FlutterMain.startInitialization(this); in its onCreate method.
13         In most cases you can leave this as-is, but you if you want to provide
14         additional functionality it is fine to subclass or reimplement
15         FlutterApplication and put your custom class here.
16    -->
17    <uses-permission android:name="android.permission.INTERNET" />
17-->src\main\AndroidManifest.xml:9:5-66
17-->src\main\AndroidManifest.xml:9:22-64
18    <uses-permission android:name="android.permission.ACCESS_NETWORK_STATE" />
18-->src\main\AndroidManifest.xml:10:5-79
18-->src\main\AndroidManifest.xml:10:22-76
19    <uses-permission android:name="android.permission.ACCESS_WIFI_STATE" />
19-->src\main\AndroidManifest.xml:11:5-76
19-->src\main\AndroidManifest.xml:11:22-73
20    <uses-permission android:name="android.permission.READ_PHONE_STATE" />
20-->src\main\AndroidManifest.xml:12:5-75
20-->src\main\AndroidManifest.xml:12:22-72
21    <uses-permission android:name="android.permission.ACCESS_COARSE_LOCATION" />
21-->src\main\AndroidManifest.xml:13:5-81
21-->src\main\AndroidManifest.xml:13:22-78
22    <uses-permission android:name="android.permission.ACCESS_FINE_LOCATION" />
22-->src\main\AndroidManifest.xml:14:5-79
22-->src\main\AndroidManifest.xml:14:22-76
23    <uses-permission android:name="android.permission.READ_EXTERNAL_STORAGE" />
23-->src\main\AndroidManifest.xml:15:5-79
23-->src\main\AndroidManifest.xml:15:22-77
24    <uses-permission android:name="android.permission.WRITE_EXTERNAL_STORAGE" />
24-->src\main\AndroidManifest.xml:16:5-80
24-->src\main\AndroidManifest.xml:16:22-78
25    <uses-permission android:name="com.google.android.gms.permission.AD_ID" />
25-->src\main\AndroidManifest.xml:17:5-78
25-->src\main\AndroidManifest.xml:17:22-76
26    <uses-permission android:name="android.permission.WAKE_LOCK" /> <!-- Permissions options for the `notification` group -->
26-->[:firebase_messaging] AndroidManifest.xml:8:5-68
26-->[:firebase_messaging] AndroidManifest.xml:8:22-65
27    <uses-permission android:name="android.permission.POST_NOTIFICATIONS" />
27-->[:firebase_messaging] AndroidManifest.xml:11:5-77
27-->[:firebase_messaging] AndroidManifest.xml:11:22-74
28
29    <queries>
29-->[:file_picker] AndroidManifest.xml:9:5-15:15
30        <intent>
30-->[:file_picker] AndroidManifest.xml:10:9-14:18
31            <action android:name="android.intent.action.GET_CONTENT" />
31-->[:file_picker] AndroidManifest.xml:11:13-72
31-->[:file_picker] AndroidManifest.xml:11:21-69
32
33            <data android:mimeType="*/*" />
34        </intent>
35        <intent>
35-->[:flutter_inappwebview] AndroidManifest.xml:8:9-10:18
36            <action android:name="android.support.customtabs.action.CustomTabsService" />
36-->[:flutter_inappwebview] AndroidManifest.xml:9:13-90
36-->[:flutter_inappwebview] AndroidManifest.xml:9:21-87
37        </intent>
38        <intent>
38-->[:flutter_downloader] AndroidManifest.xml:9:9-11:18
39            <action android:name="android.intent.action.VIEW" />
39-->src\main\AndroidManifest.xml:31:17-68
39-->src\main\AndroidManifest.xml:31:25-66
40        </intent>
41        <intent>
41-->[:upi_india] AndroidManifest.xml:8:9-12:18
42            <action android:name="android.intent.action.VIEW" />
42-->src\main\AndroidManifest.xml:31:17-68
42-->src\main\AndroidManifest.xml:31:25-66
43
44            <data android:scheme="upi" />
44-->src\main\AndroidManifest.xml:36:21-42
45        </intent>
46
47        <package android:name="com.lcode.allahabadupi" />
47-->[:upi_india] AndroidManifest.xml:15:9-58
47-->[:upi_india] AndroidManifest.xml:15:18-55
48        <package android:name="in.amazon.mShop.android.shopping" />
48-->[:upi_india] AndroidManifest.xml:16:9-68
48-->[:upi_india] AndroidManifest.xml:16:18-65
49        <package android:name="com.upi.axispay" />
49-->[:upi_india] AndroidManifest.xml:17:9-51
49-->[:upi_india] AndroidManifest.xml:17:18-48
50        <package android:name="com.bankofbaroda.upi" />
50-->[:upi_india] AndroidManifest.xml:18:9-56
50-->[:upi_india] AndroidManifest.xml:18:18-53
51        <package android:name="in.org.npci.upiapp" />
51-->[:upi_india] AndroidManifest.xml:19:9-54
51-->[:upi_india] AndroidManifest.xml:19:18-51
52        <package android:name="com.infra.boiupi" />
52-->[:upi_india] AndroidManifest.xml:20:9-52
52-->[:upi_india] AndroidManifest.xml:20:18-49
53        <package android:name="com.infrasofttech.centralbankupi" />
53-->[:upi_india] AndroidManifest.xml:21:9-68
53-->[:upi_india] AndroidManifest.xml:21:18-65
54        <package android:name="in.cointab.app" />
54-->[:upi_india] AndroidManifest.xml:22:9-50
54-->[:upi_india] AndroidManifest.xml:22:18-47
55        <package android:name="com.lcode.corpupi" />
55-->[:upi_india] AndroidManifest.xml:23:9-53
55-->[:upi_india] AndroidManifest.xml:23:18-50
56        <package android:name="com.lcode.csbupi" />
56-->[:upi_india] AndroidManifest.xml:24:9-52
56-->[:upi_india] AndroidManifest.xml:24:18-49
57        <package android:name="com.cub.wallet.gui" />
57-->[:upi_india] AndroidManifest.xml:25:9-54
57-->[:upi_india] AndroidManifest.xml:25:18-51
58        <package android:name="com.dbs.in.digitalbank" />
58-->[:upi_india] AndroidManifest.xml:26:9-58
58-->[:upi_india] AndroidManifest.xml:26:18-55
59        <package android:name="com.olive.dcb.upi" />
59-->[:upi_india] AndroidManifest.xml:27:9-53
59-->[:upi_india] AndroidManifest.xml:27:18-50
60        <package android:name="com.equitasbank.upi" />
60-->[:upi_india] AndroidManifest.xml:28:9-55
60-->[:upi_india] AndroidManifest.xml:28:18-52
61        <package android:name="com.finopaytech.bpayfino" />
61-->[:upi_india] AndroidManifest.xml:29:9-60
61-->[:upi_india] AndroidManifest.xml:29:18-57
62        <package android:name="com.freecharge.android" />
62-->[:upi_india] AndroidManifest.xml:30:9-58
62-->[:upi_india] AndroidManifest.xml:30:18-55
63        <package android:name="com.google.android.apps.nbu.paisa.user" />
63-->[:upi_india] AndroidManifest.xml:31:9-74
63-->[:upi_india] AndroidManifest.xml:31:18-71
64        <package android:name="com.mgs.hsbcupi" />
64-->[:upi_india] AndroidManifest.xml:32:9-51
64-->[:upi_india] AndroidManifest.xml:32:18-48
65        <package android:name="com.csam.icici.bank.imobile" />
65-->[:upi_india] AndroidManifest.xml:33:9-63
65-->[:upi_india] AndroidManifest.xml:33:18-60
66        <package android:name="com.mgs.induspsp" />
66-->[:upi_india] AndroidManifest.xml:34:9-52
66-->[:upi_india] AndroidManifest.xml:34:18-49
67        <package android:name="com.lcode.smartz" />
67-->[:upi_india] AndroidManifest.xml:35:9-52
67-->[:upi_india] AndroidManifest.xml:35:18-49
68        <package android:name="com.khaalijeb.inkdrops" />
68-->[:upi_india] AndroidManifest.xml:36:9-58
68-->[:upi_india] AndroidManifest.xml:36:18-55
69        <package android:name="com.msf.kbank.mobile" />
69-->[:upi_india] AndroidManifest.xml:37:9-56
69-->[:upi_india] AndroidManifest.xml:37:18-53
70        <package android:name="com.infrasofttech.mahaupi" />
70-->[:upi_india] AndroidManifest.xml:38:9-61
70-->[:upi_india] AndroidManifest.xml:38:18-58
71        <package android:name="com.mipay.in.wallet" />
71-->[:upi_india] AndroidManifest.xml:39:9-55
71-->[:upi_india] AndroidManifest.xml:39:18-52
72        <package android:name="com.mipay.wallet.in" />
72-->[:upi_india] AndroidManifest.xml:40:9-55
72-->[:upi_india] AndroidManifest.xml:40:18-52
73        <package android:name="com.mobikwik_new" />
73-->[:upi_india] AndroidManifest.xml:41:9-52
73-->[:upi_india] AndroidManifest.xml:41:18-49
74        <package android:name="com.mgs.obcbank" />
74-->[:upi_india] AndroidManifest.xml:42:9-51
74-->[:upi_india] AndroidManifest.xml:42:18-48
75        <package android:name="net.one97.paytm" />
75-->[:upi_india] AndroidManifest.xml:43:9-51
75-->[:upi_india] AndroidManifest.xml:43:18-48
76        <package android:name="com.idbibank.paywiz" />
76-->[:upi_india] AndroidManifest.xml:44:9-55
76-->[:upi_india] AndroidManifest.xml:44:18-52
77        <package android:name="com.enstage.wibmo.hdfc" />
77-->[:upi_india] AndroidManifest.xml:45:9-58
77-->[:upi_india] AndroidManifest.xml:45:18-55
78        <package android:name="com.phonepe.app" />
78-->[:upi_india] AndroidManifest.xml:46:9-51
78-->[:upi_india] AndroidManifest.xml:46:18-48
79        <package android:name="com.fss.pnbpsp" />
79-->[:upi_india] AndroidManifest.xml:47:9-50
79-->[:upi_india] AndroidManifest.xml:47:18-47
80        <package android:name="com.mobileware.upipsb" />
80-->[:upi_india] AndroidManifest.xml:48:9-57
80-->[:upi_india] AndroidManifest.xml:48:18-54
81        <package android:name="com.rblbank.upi" />
81-->[:upi_india] AndroidManifest.xml:49:9-51
81-->[:upi_india] AndroidManifest.xml:49:18-48
82        <package android:name="com.realmepay.payments" />
82-->[:upi_india] AndroidManifest.xml:50:9-58
82-->[:upi_india] AndroidManifest.xml:50:18-55
83        <package android:name="com.sbi.upi" />
83-->[:upi_india] AndroidManifest.xml:51:9-47
83-->[:upi_india] AndroidManifest.xml:51:18-44
84        <package android:name="com.truecaller" />
84-->[:upi_india] AndroidManifest.xml:52:9-50
84-->[:upi_india] AndroidManifest.xml:52:18-47
85        <package android:name="com.fss.unbipsp" />
85-->[:upi_india] AndroidManifest.xml:53:9-51
85-->[:upi_india] AndroidManifest.xml:53:18-48
86        <package android:name="com.fss.vijayapsp" />
86-->[:upi_india] AndroidManifest.xml:54:9-53
86-->[:upi_india] AndroidManifest.xml:54:18-50
87        <package android:name="com.YesBank" /> <!-- Specific apps you interact with, eg: -->
87-->[:upi_india] AndroidManifest.xml:55:9-47
87-->[:upi_india] AndroidManifest.xml:55:18-44
88        <package android:name="com.paytm.pgsdk.TransactionManager.PAYTM_APP_PACKAGE" />
88-->[com.paytm.appinvokesdk:appinvokesdk:1.6.4] AndroidManifest.xml:12:9-88
88-->[com.paytm.appinvokesdk:appinvokesdk:1.6.4] AndroidManifest.xml:12:18-85
89        <!--
90             Specific intents you query for,
91             eg: for a custom share UI
92        -->
93        <intent>
93-->[com.paytm.appinvokesdk:appinvokesdk:1.6.4] AndroidManifest.xml:17:9-19:18
94            <action android:name="android.intent.action.MAIN" />
94-->src\main\AndroidManifest.xml:67:17-68
94-->src\main\AndroidManifest.xml:67:25-66
95        </intent>
96
97        <package android:name="com.facebook.katana" />
97-->[com.facebook.android:facebook-common:15.0.2] AndroidManifest.xml:30:9-55
97-->[com.facebook.android:facebook-common:15.0.2] AndroidManifest.xml:30:18-52
98
99        <intent>
99-->[com.braintreepayments:browser-switch:1.1.3] AndroidManifest.xml:12:9-18:18
100            <action android:name="android.intent.action.VIEW" />
100-->src\main\AndroidManifest.xml:31:17-68
100-->src\main\AndroidManifest.xml:31:25-66
101
102            <category android:name="android.intent.category.BROWSABLE" />
102-->src\main\AndroidManifest.xml:33:17-77
102-->src\main\AndroidManifest.xml:33:27-75
103
104            <data android:scheme="https" />
104-->src\main\AndroidManifest.xml:36:21-42
105        </intent>
106        <intent>
106-->[com.razorpay:checkout:1.6.34] AndroidManifest.xml:11:9-17:18
107            <action android:name="android.intent.action.VIEW" />
107-->src\main\AndroidManifest.xml:31:17-68
107-->src\main\AndroidManifest.xml:31:25-66
108
109            <data
110                android:mimeType="*/*"
111                android:scheme="*" />
111-->src\main\AndroidManifest.xml:36:21-42
112        </intent>
113        <intent>
113-->[com.razorpay:checkout:1.6.34] AndroidManifest.xml:18:9-27:18
114            <action android:name="android.intent.action.VIEW" />
114-->src\main\AndroidManifest.xml:31:17-68
114-->src\main\AndroidManifest.xml:31:25-66
115
116            <category android:name="android.intent.category.BROWSABLE" />
116-->src\main\AndroidManifest.xml:33:17-77
116-->src\main\AndroidManifest.xml:33:27-75
117
118            <data
119                android:host="pay"
119-->src\main\AndroidManifest.xml:35:21-52
120                android:mimeType="*/*"
121                android:scheme="upi" />
121-->src\main\AndroidManifest.xml:36:21-42
122        </intent>
123        <intent>
123-->[com.razorpay:checkout:1.6.34] AndroidManifest.xml:31:9-35:18
124            <action android:name="android.intent.action.SEND" />
124-->[com.razorpay:checkout:1.6.34] AndroidManifest.xml:32:13-65
124-->[com.razorpay:checkout:1.6.34] AndroidManifest.xml:32:21-62
125
126            <data android:mimeType="*/*" />
127        </intent>
128        <intent>
128-->[com.razorpay:checkout:1.6.34] AndroidManifest.xml:36:9-38:18
129            <action android:name="rzp.device_token.share" />
129-->[com.razorpay:checkout:1.6.34] AndroidManifest.xml:37:13-61
129-->[com.razorpay:checkout:1.6.34] AndroidManifest.xml:37:21-58
130        </intent>
131        <intent>
131-->[androidx.media2:media2-session:1.2.1] AndroidManifest.xml:25:9-27:18
132            <action android:name="android.media.browse.MediaBrowserService" />
132-->[androidx.media2:media2-session:1.2.1] AndroidManifest.xml:26:13-79
132-->[androidx.media2:media2-session:1.2.1] AndroidManifest.xml:26:21-76
133        </intent>
134        <intent>
134-->[androidx.media2:media2-session:1.2.1] AndroidManifest.xml:28:9-30:18
135            <action android:name="androidx.media2.session.MediaSessionService" />
135-->[androidx.media2:media2-session:1.2.1] AndroidManifest.xml:29:13-82
135-->[androidx.media2:media2-session:1.2.1] AndroidManifest.xml:29:21-79
136        </intent>
137        <intent>
137-->[androidx.media2:media2-session:1.2.1] AndroidManifest.xml:31:9-33:18
138            <action android:name="androidx.media2.session.MediaLibraryService" />
138-->[androidx.media2:media2-session:1.2.1] AndroidManifest.xml:32:13-82
138-->[androidx.media2:media2-session:1.2.1] AndroidManifest.xml:32:21-79
139        </intent>
140    </queries> <!-- Create a unique permission for your app and use it so only your app can receive your OneSignal messages. -->
141    <permission
141-->[com.onesignal:OneSignal:4.8.5] AndroidManifest.xml:7:5-9:47
142        android:name="com.ptv.mobile.permission.C2D_MESSAGE"
142-->[com.onesignal:OneSignal:4.8.5] AndroidManifest.xml:8:9-63
143        android:protectionLevel="signature" />
143-->[com.onesignal:OneSignal:4.8.5] AndroidManifest.xml:9:9-44
144
145    <uses-permission android:name="com.ptv.mobile.permission.C2D_MESSAGE" /> <!-- c2dm RECEIVE are basic requirements for push messages through Google's FCM -->
145-->[com.onesignal:OneSignal:4.8.5] AndroidManifest.xml:11:5-79
145-->[com.onesignal:OneSignal:4.8.5] AndroidManifest.xml:11:22-76
146    <uses-permission android:name="com.google.android.c2dm.permission.RECEIVE" />
146-->[com.onesignal:OneSignal:4.8.5] AndroidManifest.xml:18:5-82
146-->[com.onesignal:OneSignal:4.8.5] AndroidManifest.xml:18:22-79
147    <!--
148 Required so the device vibrates on receiving a push notification.
149         Vibration settings of the device still apply.
150    -->
151    <uses-permission android:name="android.permission.VIBRATE" />
151-->[com.onesignal:OneSignal:4.8.5] AndroidManifest.xml:24:5-66
151-->[com.onesignal:OneSignal:4.8.5] AndroidManifest.xml:24:22-63
152    <!--
153 Use to restore notifications the user hasn't interacted with.
154         They could be missed notifications if the user reboots their device if this isn't in place.
155    -->
156    <uses-permission android:name="android.permission.RECEIVE_BOOT_COMPLETED" /> <!-- START: ShortcutBadger -->
156-->[com.onesignal:OneSignal:4.8.5] AndroidManifest.xml:30:5-81
156-->[com.onesignal:OneSignal:4.8.5] AndroidManifest.xml:30:22-78
157    <!-- Samsung -->
158    <uses-permission android:name="com.sec.android.provider.badge.permission.READ" />
158-->[com.onesignal:OneSignal:4.8.5] AndroidManifest.xml:32:5-86
158-->[com.onesignal:OneSignal:4.8.5] AndroidManifest.xml:32:22-83
159    <uses-permission android:name="com.sec.android.provider.badge.permission.WRITE" /> <!-- HTC -->
159-->[com.onesignal:OneSignal:4.8.5] AndroidManifest.xml:33:5-87
159-->[com.onesignal:OneSignal:4.8.5] AndroidManifest.xml:33:22-84
160    <uses-permission android:name="com.htc.launcher.permission.READ_SETTINGS" />
160-->[com.onesignal:OneSignal:4.8.5] AndroidManifest.xml:34:5-81
160-->[com.onesignal:OneSignal:4.8.5] AndroidManifest.xml:34:22-78
161    <uses-permission android:name="com.htc.launcher.permission.UPDATE_SHORTCUT" /> <!-- Sony -->
161-->[com.onesignal:OneSignal:4.8.5] AndroidManifest.xml:35:5-83
161-->[com.onesignal:OneSignal:4.8.5] AndroidManifest.xml:35:22-80
162    <uses-permission android:name="com.sonyericsson.home.permission.BROADCAST_BADGE" />
162-->[com.onesignal:OneSignal:4.8.5] AndroidManifest.xml:36:5-88
162-->[com.onesignal:OneSignal:4.8.5] AndroidManifest.xml:36:22-85
163    <uses-permission android:name="com.sonymobile.home.permission.PROVIDER_INSERT_BADGE" /> <!-- Apex -->
163-->[com.onesignal:OneSignal:4.8.5] AndroidManifest.xml:37:5-92
163-->[com.onesignal:OneSignal:4.8.5] AndroidManifest.xml:37:22-89
164    <uses-permission android:name="com.anddoes.launcher.permission.UPDATE_COUNT" /> <!-- Solid -->
164-->[com.onesignal:OneSignal:4.8.5] AndroidManifest.xml:38:5-84
164-->[com.onesignal:OneSignal:4.8.5] AndroidManifest.xml:38:22-81
165    <uses-permission android:name="com.majeur.launcher.permission.UPDATE_BADGE" /> <!-- Huawei -->
165-->[com.onesignal:OneSignal:4.8.5] AndroidManifest.xml:39:5-83
165-->[com.onesignal:OneSignal:4.8.5] AndroidManifest.xml:39:22-80
166    <uses-permission android:name="com.huawei.android.launcher.permission.CHANGE_BADGE" />
166-->[com.onesignal:OneSignal:4.8.5] AndroidManifest.xml:40:5-91
166-->[com.onesignal:OneSignal:4.8.5] AndroidManifest.xml:40:22-88
167    <uses-permission android:name="com.huawei.android.launcher.permission.READ_SETTINGS" />
167-->[com.onesignal:OneSignal:4.8.5] AndroidManifest.xml:41:5-92
167-->[com.onesignal:OneSignal:4.8.5] AndroidManifest.xml:41:22-89
168    <uses-permission android:name="com.huawei.android.launcher.permission.WRITE_SETTINGS" /> <!-- ZUK -->
168-->[com.onesignal:OneSignal:4.8.5] AndroidManifest.xml:42:5-93
168-->[com.onesignal:OneSignal:4.8.5] AndroidManifest.xml:42:22-90
169    <uses-permission android:name="android.permission.READ_APP_BADGE" /> <!-- OPPO -->
169-->[com.onesignal:OneSignal:4.8.5] AndroidManifest.xml:43:5-73
169-->[com.onesignal:OneSignal:4.8.5] AndroidManifest.xml:43:22-70
170    <uses-permission android:name="com.oppo.launcher.permission.READ_SETTINGS" />
170-->[com.onesignal:OneSignal:4.8.5] AndroidManifest.xml:44:5-82
170-->[com.onesignal:OneSignal:4.8.5] AndroidManifest.xml:44:22-79
171    <uses-permission android:name="com.oppo.launcher.permission.WRITE_SETTINGS" /> <!-- EvMe -->
171-->[com.onesignal:OneSignal:4.8.5] AndroidManifest.xml:45:5-83
171-->[com.onesignal:OneSignal:4.8.5] AndroidManifest.xml:45:22-80
172    <uses-permission android:name="me.everything.badger.permission.BADGE_COUNT_READ" />
172-->[com.onesignal:OneSignal:4.8.5] AndroidManifest.xml:46:5-88
172-->[com.onesignal:OneSignal:4.8.5] AndroidManifest.xml:46:22-85
173    <uses-permission android:name="me.everything.badger.permission.BADGE_COUNT_WRITE" />
173-->[com.onesignal:OneSignal:4.8.5] AndroidManifest.xml:47:5-89
173-->[com.onesignal:OneSignal:4.8.5] AndroidManifest.xml:47:22-86
174
175    <uses-feature
175-->[com.google.android.gms:play-services-maps:17.0.0] AndroidManifest.xml:26:5-28:35
176        android:glEsVersion="0x00020000"
176-->[com.google.android.gms:play-services-maps:17.0.0] AndroidManifest.xml:27:9-41
177        android:required="true" />
177-->[com.google.android.gms:play-services-maps:17.0.0] AndroidManifest.xml:28:9-32
178
179    <uses-permission android:name="com.google.android.finsky.permission.BIND_GET_INSTALL_REFERRER_SERVICE" />
179-->[com.google.android.gms:play-services-measurement:21.2.2] AndroidManifest.xml:26:5-110
179-->[com.google.android.gms:play-services-measurement:21.2.2] AndroidManifest.xml:26:22-107
180    <uses-permission android:name="com.android.vending.BILLING" />
180-->[com.android.billingclient:billing-ktx:4.1.0] AndroidManifest.xml:9:5-67
180-->[com.android.billingclient:billing-ktx:4.1.0] AndroidManifest.xml:9:22-64
181    <uses-permission android:name="android.permission.FOREGROUND_SERVICE" />
181-->[androidx.work:work-runtime:2.7.1] AndroidManifest.xml:28:5-77
181-->[androidx.work:work-runtime:2.7.1] AndroidManifest.xml:28:22-74
182
183    <permission
183-->[androidx.core:core:1.10.1] AndroidManifest.xml:22:5-24:47
184        android:name="com.ptv.mobile.DYNAMIC_RECEIVER_NOT_EXPORTED_PERMISSION"
184-->[androidx.core:core:1.10.1] AndroidManifest.xml:23:9-81
185        android:protectionLevel="signature" />
185-->[androidx.core:core:1.10.1] AndroidManifest.xml:24:9-44
186
187    <uses-permission android:name="com.ptv.mobile.DYNAMIC_RECEIVER_NOT_EXPORTED_PERMISSION" />
187-->[androidx.core:core:1.10.1] AndroidManifest.xml:26:5-97
187-->[androidx.core:core:1.10.1] AndroidManifest.xml:26:22-94
188
189    <application
189-->src\main\AndroidManifest.xml:19:5-160:19
190        android:allowBackup="true"
190-->[lk.payhere:androidsdk:3.0.4] AndroidManifest.xml:13:9-35
191        android:appComponentFactory="androidx.core.app.CoreComponentFactory"
191-->[androidx.core:core:1.10.1] AndroidManifest.xml:28:18-86
192        android:extractNativeLibs="false"
193        android:hardwareAccelerated="true"
193-->[:facebook_audience_network] AndroidManifest.xml:7:18-52
194        android:icon="@mipmap/ic_launcher"
194-->src\main\AndroidManifest.xml:23:9-43
195        android:label="PTV"
195-->src\main\AndroidManifest.xml:20:9-28
196        android:supportsRtl="true"
196-->[com.facebook.android:facebook-login:15.0.2] AndroidManifest.xml:28:18-44
197        android:usesCleartextTraffic="true" >
197-->src\main\AndroidManifest.xml:22:9-44
198        <activity
198-->src\main\AndroidManifest.xml:24:9-38:20
199            android:name="com.amazon.identity.auth.device.workflow.WorkflowActivity"
199-->src\main\AndroidManifest.xml:25:13-85
200            android:allowTaskReparenting="true"
200-->src\main\AndroidManifest.xml:27:13-48
201            android:exported="true"
201-->src\main\AndroidManifest.xml:26:13-36
202            android:launchMode="singleTask"
202-->src\main\AndroidManifest.xml:28:13-44
203            android:theme="@android:style/Theme.NoDisplay" >
203-->src\main\AndroidManifest.xml:29:13-59
204            <intent-filter>
204-->src\main\AndroidManifest.xml:30:13-37:29
205                <action android:name="android.intent.action.VIEW" />
205-->src\main\AndroidManifest.xml:31:17-68
205-->src\main\AndroidManifest.xml:31:25-66
206
207                <category android:name="android.intent.category.DEFAULT" />
207-->src\main\AndroidManifest.xml:32:17-75
207-->src\main\AndroidManifest.xml:32:27-73
208                <category android:name="android.intent.category.BROWSABLE" />
208-->src\main\AndroidManifest.xml:33:17-77
208-->src\main\AndroidManifest.xml:33:27-75
209
210                <data
211                    android:host="com.ptv.mobile"
211-->src\main\AndroidManifest.xml:35:21-52
212                    android:scheme="amzn" />
212-->src\main\AndroidManifest.xml:36:21-42
213            </intent-filter>
214        </activity>
215        <activity
215-->src\main\AndroidManifest.xml:39:9-70:20
216            android:name="com.ptv.mobile.MainActivity"
216-->src\main\AndroidManifest.xml:40:13-41
217            android:configChanges="orientation|keyboardHidden|keyboard|screenSize|smallestScreenSize|locale|layoutDirection|fontScale|screenLayout|density|uiMode"
217-->src\main\AndroidManifest.xml:44:13-163
218            android:exported="true"
218-->src\main\AndroidManifest.xml:41:13-36
219            android:hardwareAccelerated="true"
219-->src\main\AndroidManifest.xml:45:13-47
220            android:launchMode="singleTop"
220-->src\main\AndroidManifest.xml:42:13-43
221            android:theme="@style/LaunchTheme"
221-->src\main\AndroidManifest.xml:43:13-47
222            android:windowSoftInputMode="adjustResize" >
222-->src\main\AndroidManifest.xml:46:13-55
223
224            <!--
225                 Specifies an Android theme to apply to this Activity as soon as
226                 the Android process has started. This theme is visible to the user
227                 while the Flutter UI initializes. After that, this theme continues
228                 to determine the Window background behind the Flutter UI.
229            -->
230            <meta-data
230-->src\main\AndroidManifest.xml:51:13-54:19
231                android:name="io.flutter.embedding.android.NormalTheme"
231-->src\main\AndroidManifest.xml:52:17-72
232                android:resource="@style/NormalTheme" />
232-->src\main\AndroidManifest.xml:53:17-54
233            <!--
234                 Displays an Android View that continues showing the launch screen
235                 Drawable until Flutter paints its first frame, then this splash
236                 screen fades out. A splash screen is useful to avoid any visual
237                 gap between the end of Android's launch screen and the painting of
238                 Flutter's first frame.
239            -->
240
241            <meta-data
241-->src\main\AndroidManifest.xml:61:13-64:19
242                android:name="com.google.android.gms.wallet.api.enabled"
242-->src\main\AndroidManifest.xml:62:17-73
243                android:value="true" />
243-->src\main\AndroidManifest.xml:63:17-37
244
245            <intent-filter>
245-->src\main\AndroidManifest.xml:66:13-69:29
246                <action android:name="android.intent.action.MAIN" />
246-->src\main\AndroidManifest.xml:67:17-68
246-->src\main\AndroidManifest.xml:67:25-66
247
248                <category android:name="android.intent.category.LAUNCHER" />
248-->src\main\AndroidManifest.xml:68:17-76
248-->src\main\AndroidManifest.xml:68:27-74
249            </intent-filter>
250        </activity>
251
252        <!-- Facebook Login -->
253        <meta-data
253-->src\main\AndroidManifest.xml:73:9-107
254            android:name="com.facebook.sdk.ApplicationId"
254-->src\main\AndroidManifest.xml:73:20-65
255            android:value="@string/facebook_app_id" />
255-->src\main\AndroidManifest.xml:73:66-105
256        <meta-data
256-->src\main\AndroidManifest.xml:74:9-111
257            android:name="com.facebook.sdk.ClientToken"
257-->src\main\AndroidManifest.xml:74:20-63
258            android:value="@string/facebook_client_token" />
258-->src\main\AndroidManifest.xml:74:64-109
259
260        <activity
260-->src\main\AndroidManifest.xml:76:9-79:48
261            android:name="com.facebook.FacebookActivity"
261-->src\main\AndroidManifest.xml:77:13-57
262            android:configChanges="keyboard|keyboardHidden|screenLayout|screenSize|orientation"
262-->src\main\AndroidManifest.xml:78:13-96
263            android:label="@string/app_name"
263-->src\main\AndroidManifest.xml:79:13-45
264            android:theme="@style/com_facebook_activity_theme" />
264-->[com.facebook.android:facebook-common:15.0.2] AndroidManifest.xml:37:13-63
265        <activity
265-->src\main\AndroidManifest.xml:80:9-89:20
266            android:name="com.facebook.CustomTabActivity"
266-->src\main\AndroidManifest.xml:81:13-58
267            android:exported="true" >
267-->src\main\AndroidManifest.xml:82:13-36
268            <intent-filter>
268-->src\main\AndroidManifest.xml:83:13-88:29
269                <action android:name="android.intent.action.VIEW" />
269-->src\main\AndroidManifest.xml:31:17-68
269-->src\main\AndroidManifest.xml:31:25-66
270
271                <category android:name="android.intent.category.DEFAULT" />
271-->src\main\AndroidManifest.xml:32:17-75
271-->src\main\AndroidManifest.xml:32:27-73
272                <category android:name="android.intent.category.BROWSABLE" />
272-->src\main\AndroidManifest.xml:33:17-77
272-->src\main\AndroidManifest.xml:33:27-75
273
274                <data android:scheme="@string/fb_login_protocol_scheme" />
274-->src\main\AndroidManifest.xml:36:21-42
275            </intent-filter>
276            <intent-filter>
276-->[com.facebook.android:facebook-common:15.0.2] AndroidManifest.xml:43:13-52:29
277                <action android:name="android.intent.action.VIEW" />
277-->src\main\AndroidManifest.xml:31:17-68
277-->src\main\AndroidManifest.xml:31:25-66
278
279                <category android:name="android.intent.category.DEFAULT" />
279-->src\main\AndroidManifest.xml:32:17-75
279-->src\main\AndroidManifest.xml:32:27-73
280                <category android:name="android.intent.category.BROWSABLE" />
280-->src\main\AndroidManifest.xml:33:17-77
280-->src\main\AndroidManifest.xml:33:27-75
281
282                <data
283                    android:host="cct.com.ptv.mobile"
283-->src\main\AndroidManifest.xml:35:21-52
284                    android:scheme="fbconnect" />
284-->src\main\AndroidManifest.xml:36:21-42
285            </intent-filter>
286        </activity>
287        <!-- Facebook Login End -->
288
289
290        <!-- For Braintree payment gateway start -->
291
292        <activity
292-->src\main\AndroidManifest.xml:94:9-104:20
293            android:name="com.braintreepayments.api.BraintreeBrowserSwitchActivity"
293-->src\main\AndroidManifest.xml:95:13-84
294            android:exported="true"
294-->src\main\AndroidManifest.xml:96:13-36
295            android:launchMode="singleTask" >
295-->src\main\AndroidManifest.xml:97:13-44